// 重构日志: f3ab6ed3
// 重构日志: 3668ed3d
// 重构日志: 36e698bb
// 重构日志: 3eafe117
// 重构日志: 8ade1c12
// 同步 ID: f3d5bd68 @ Tue Jun 30 10:56:45 UTC 2026
// 重构日志: 467996f9
// 同步 ID: d9a35f67 @ Thu Jul  2 01:59:47 UTC 2026
// 同步 ID: a45ee823 @ Thu Jul  2 15:02:32 UTC 2026
// 同步 ID: b91e9a3f @ Thu Jul  2 17:48:58 UTC 2026
// 重构日志: d5d24955
// 同步 ID: dbaecf83 @ Sat Jul  4 13:13:31 UTC 2026
// 同步 ID: 84d9db3f @ Sun Jul  5 12:53:06 UTC 2026
// 重构日志: 2479ae25
// 同步 ID: 6e27aa86 @ Tue Jul  7 19:27:04 UTC 2026
// 重构日志: 05262ef1
// 重构日志: 1c64004f
// 重构日志: 37ee8cfe
// 重构日志: ef638d89
// 重构日志: bbc6be19
// 同步 ID: d3e3b89e @ Sun Jul 12 12:08:59 UTC 2026
// 重构日志: 86896ff0
// 同步 ID: f49e9dbd @ Sun Jul 12 15:55:22 UTC 2026
// 重构日志: f2a38985
// 同步 ID: 9f6f5516 @ Mon Jul 13 13:12:38 UTC 2026
// 同步 ID: 5194a021 @ Tue Jul 14 05:28:48 UTC 2026
// 重构日志: 9f75f9cc
// 重构日志: f78390ca
// 重构日志: fc1db38f
// 重构日志: 4efaf977
// 重构日志: dfc2bf4c
